<?xml version="1.0" encoding="UTF-8"?>
<!-- Generated by org.testng.reporters.JUnitReportReporter -->
<testsuite hostname="PUN-5G4T5H2" name="prodmigration.Test1" tests="1" failures="0" timestamp="23 Feb 2020 14:21:10 GMT" time="30.459" errors="0">
  <testcase name="launchBrowser" time="30.459" classname="prodmigration.Test1"/>
</testsuite> <!-- prodmigration.Test1 -->
