<?xml version="1.0" encoding="UTF-8"?>
<!-- Generated by org.testng.reporters.JUnitReportReporter -->
<testsuite skipped="0" hostname="PUN-5G4T5H2" name="com.crm.qa.testcases.LoginPageTest" tests="1" failures="0" timestamp="30 Jan 2020 07:37:53 GMT" time="14.034" errors="0">
  <testcase name="loginTest" time="14.034" classname="com.crm.qa.testcases.LoginPageTest"/>
</testsuite> <!-- com.crm.qa.testcases.LoginPageTest -->
