<?xml version="1.0" encoding="UTF-8"?>
<!-- Generated by org.testng.reporters.JUnitReportReporter -->
<testsuite hostname="PUN-5G4T5H2" name="basicSelenium.FirstSeleniumClass" tests="1" failures="0" timestamp="5 Jan 2020 09:38:10 GMT" time="12.670" errors="0">
  <testcase name="test1" time="12.670" classname="basicSelenium.FirstSeleniumClass"/>
</testsuite> <!-- basicSelenium.FirstSeleniumClass -->
