<?xml version="1.0" encoding="UTF-8"?>
<!-- Generated by org.testng.reporters.JUnitReportReporter -->
<testsuite hostname="PUN-5G4T5H2" name="basicselenium2.BasicAuth" tests="1" failures="0" timestamp="19 Apr 2020 17:45:02 GMT" time="9.050" errors="0">
  <testcase name="calender" time="9.050" classname="basicselenium2.BasicAuth"/>
</testsuite> <!-- basicselenium2.BasicAuth -->
