<?xml version="1.0" encoding="UTF-8"?>
<!-- Generated by org.testng.reporters.JUnitReportReporter -->
<testsuite hostname="PUN-5G4T5H2" name="basicSelenium.MouseHover" tests="1" failures="0" timestamp="27 Nov 2019 16:48:54 GMT" time="13.500" errors="0">
  <testcase name="test1" time="13.500" classname="basicSelenium.MouseHover"/>
</testsuite> <!-- basicSelenium.MouseHover -->
