<?xml version="1.0" encoding="UTF-8"?>
<!-- Generated by org.testng.reporters.JUnitReportReporter -->
<testsuite hostname="PUN-5G4T5H2" name="basicSelenium.SeleniumClass2" tests="1" failures="0" timestamp="10 Nov 2019 04:14:25 GMT" time="68.525" errors="0">
  <testcase name="selectTripType" time="68.525" classname="basicSelenium.SeleniumClass2"/>
</testsuite> <!-- basicSelenium.SeleniumClass2 -->
