<?xml version="1.0" encoding="UTF-8"?>
<!-- Generated by org.testng.reporters.JUnitReportReporter -->
<testsuite hostname="PUN-5G4T5H2" name="basicSelenium.GetText" tests="1" failures="0" timestamp="16 Nov 2019 06:35:27 GMT" time="45.577" errors="0">
  <testcase name="Test1" time="45.577" classname="basicSelenium.GetText"/>
</testsuite> <!-- basicSelenium.GetText -->
