<?xml version="1.0" encoding="UTF-8"?>
<!-- Generated by org.testng.reporters.JUnitReportReporter -->
<testsuite hostname="PUN-5G4T5H2" name="basicSelenium.Scroll" tests="1" failures="0" timestamp="24 Nov 2019 07:06:55 GMT" time="16.821" errors="0">
  <testcase name="test1" time="16.821" classname="basicSelenium.Scroll"/>
</testsuite> <!-- basicSelenium.Scroll -->
