<?xml version="1.0" encoding="UTF-8"?>
<!-- Generated by org.testng.reporters.JUnitReportReporter -->
<testsuite hostname="PUN-5G4T5H2" name="basicSelenium.MultipleWindows2" tests="1" failures="0" timestamp="24 Nov 2019 04:21:04 GMT" time="15.578" errors="0">
  <testcase name="tes1" time="15.578" classname="basicSelenium.MultipleWindows2"/>
</testsuite> <!-- basicSelenium.MultipleWindows2 -->
