<?xml version="1.0" encoding="UTF-8"?>
<!-- Generated by org.testng.reporters.JUnitReportReporter -->
<testsuite hostname="PUN-5G4T5H2" name="basicSelenium.CaptureScreenshot" tests="1" failures="0" timestamp="24 Nov 2019 07:27:14 GMT" time="17.039" errors="0">
  <testcase name="test1" time="17.039" classname="basicSelenium.CaptureScreenshot"/>
</testsuite> <!-- basicSelenium.CaptureScreenshot -->
