<?xml version="1.0" encoding="UTF-8"?>
<!-- Generated by org.testng.reporters.JUnitReportReporter -->
<testsuite hostname="PUN-5G4T5H2" name="basicSelenium.MultipleWindows" tests="1" failures="0" timestamp="24 Nov 2019 04:02:07 GMT" time="15.636" errors="0">
  <testcase name="test1" time="15.636" classname="basicSelenium.MultipleWindows"/>
</testsuite> <!-- basicSelenium.MultipleWindows -->
