<?xml version="1.0" encoding="UTF-8"?>
<!-- Generated by org.testng.reporters.JUnitReportReporter -->
<testsuite hostname="PUN-5G4T5H2" name="basicSelenium.Oneway" tests="2" failures="0" timestamp="22 Nov 2019 09:25:55 GMT" time="73.454" errors="0">
  <testcase name="flightDetails" time="0.367" classname="basicSelenium.Oneway"/>
  <testcase name="login" time="73.087" classname="basicSelenium.Oneway"/>
</testsuite> <!-- basicSelenium.Oneway -->
