<?xml version="1.0" encoding="UTF-8"?>
<!-- Generated by org.testng.reporters.JUnitReportReporter -->
<testsuite hostname="PUN-5G4T5H2" name="collection.SetInterface" tests="3" failures="0" timestamp="20 Oct 2019 05:06:15 GMT" time="0.015" errors="0">
  <testcase name="test1" time="0.015" classname="collection.SetInterface"/>
  <testcase name="test3" time="0.000" classname="collection.SetInterface"/>
  <testcase name="test2" time="0.000" classname="collection.SetInterface"/>
</testsuite> <!-- collection.SetInterface -->
