<?xml version="1.0" encoding="UTF-8"?>
<!-- Generated by org.testng.reporters.JUnitReportReporter -->
<testsuite hostname="PUN-5G4T5H2" name="CollectionPractice.ArrayList1" tests="2" failures="0" timestamp="4 May 2020 17:28:32 GMT" time="0.013" errors="0">
  <testcase name="test1" time="0.012" classname="CollectionPractice.ArrayList1"/>
  <testcase name="test2" time="0.001" classname="CollectionPractice.ArrayList1"/>
</testsuite> <!-- CollectionPractice.ArrayList1 -->
