<?xml version="1.0" encoding="UTF-8"?>
<!-- Generated by org.testng.reporters.JUnitReportReporter -->
<testsuite hostname="PUN-5G4T5H2" name="collection.ListInterface" tests="3" failures="0" timestamp="20 Nov 2019 09:17:34 GMT" time="0.016" errors="0">
  <testcase name="test2" time="0.012" classname="collection.ListInterface"/>
  <testcase name="test4" time="0.001" classname="collection.ListInterface"/>
  <testcase name="test3" time="0.003" classname="collection.ListInterface"/>
</testsuite> <!-- collection.ListInterface -->
