<?xml version="1.0" encoding="UTF-8"?>
<!-- Generated by org.testng.reporters.JUnitReportReporter -->
<testsuite hostname="PUN-5G4T5H2" name="CollectionPractice.MapInterface" tests="1" failures="0" timestamp="7 May 2020 12:00:04 GMT" time="0.000" errors="0">
  <testcase name="maptest" time="0.000" classname="CollectionPractice.MapInterface"/>
</testsuite> <!-- CollectionPractice.MapInterface -->
