<?xml version="1.0" encoding="UTF-8"?>
<!-- Generated by org.testng.reporters.JUnitReportReporter -->
<testsuite hostname="PUN-5G4T5H2" name="CollectionPractice.SetInterface" tests="1" failures="0" timestamp="7 May 2020 09:38:36 GMT" time="0.015" errors="0">
  <testcase name="treeset" time="0.015" classname="CollectionPractice.SetInterface"/>
</testsuite> <!-- CollectionPractice.SetInterface -->
