<?xml version="1.0" encoding="UTF-8"?>
<!-- Generated by org.testng.reporters.JUnitReportReporter -->
<testsuite hostname="PUN-5G4T5H2" name="CollectionPractice.ListInerface" tests="2" failures="0" timestamp="7 May 2020 09:07:29 GMT" time="0.016" errors="0">
  <testcase name="test1" time="0.012" classname="CollectionPractice.ListInerface"/>
  <testcase name="test2" time="0.004" classname="CollectionPractice.ListInerface"/>
</testsuite> <!-- CollectionPractice.ListInerface -->
