<?xml version="1.0" encoding="UTF-8"?>
<!-- Generated by org.testng.reporters.JUnitReportReporter -->
<testsuite skipped="0" hostname="PUN-5G4T5H2" name="com.RestApi.com.RestApi.test.WeatherGetRequest" tests="2" failures="0" timestamp="26 Apr 2020 16:35:14 GMT" time="4.720" errors="0">
  <testcase name="test1" time="3.471" classname="com.RestApi.com.RestApi.test.WeatherGetRequest"/>
  <testcase name="test2" time="1.249" classname="com.RestApi.com.RestApi.test.WeatherGetRequest"/>
</testsuite> <!-- com.RestApi.com.RestApi.test.WeatherGetRequest -->
