<?xml version="1.0" encoding="UTF-8"?>
<!-- Generated by org.testng.reporters.JUnitReportReporter -->
<testsuite hostname="PUN-5G4T5H2" name="testScripts.LoginTest" tests="1" failures="0" timestamp="26 Dec 2019 10:01:14 GMT" time="9.976" errors="0">
  <testcase name="loginTest" time="9.976" classname="testScripts.LoginTest"/>
</testsuite> <!-- testScripts.LoginTest -->
