<?xml version="1.0" encoding="UTF-8"?>
<!-- Generated by org.testng.reporters.JUnitReportReporter -->
<testsuite hostname="PUN-5G4T5H2" name="basicAPITesting.TC_GetEmployeeDetails" tests="1" failures="0" timestamp="3 Dec 2019 07:49:13 GMT" time="3.144" errors="0">
  <testcase name="test2" time="3.144" classname="basicAPITesting.TC_GetEmployeeDetails"/>
</testsuite> <!-- basicAPITesting.TC_GetEmployeeDetails -->
