<?xml version="1.0" encoding="UTF-8"?>
<!-- Generated by org.testng.reporters.JUnitReportReporter -->
<testsuite hostname="PUN-5G4T5H2" name="basicAPITesting.TC_UpdateRecord" tests="1" failures="0" timestamp="2 Nov 2019 06:38:24 GMT" time="3.283" errors="0">
  <testcase name="test1" time="3.283" classname="basicAPITesting.TC_UpdateRecord"/>
</testsuite> <!-- basicAPITesting.TC_UpdateRecord -->
