<?xml version="1.0" encoding="UTF-8"?>
<!-- Generated by org.testng.reporters.JUnitReportReporter -->
<testsuite hostname="PUN-5G4T5H2" name="basicAPITesting.Tc_DeleteRecord" tests="1" failures="0" timestamp="2 Nov 2019 06:42:01 GMT" time="2.698" errors="0">
  <testcase name="test1" time="2.698" classname="basicAPITesting.Tc_DeleteRecord"/>
</testsuite> <!-- basicAPITesting.Tc_DeleteRecord -->
